File not found: /usr/lib/code-server/lib/vscode/out/vsda_bg.wasm
File not found: /usr/lib/code-server/lib/vscode/out/vsda.js
[2024-11-25T10:45:55.463Z] error Failed to get latest version [38;2;140;140;140m{"error":"getaddrinfo EAI_AGAIN api.github.com"}[0m
File not found: /usr/lib/code-server/lib/vscode/out/vsda_bg.wasm
File not found: /usr/lib/code-server/lib/vscode/out/vsda.js
[2024-11-25T11:45:14.189Z] error Failed to get latest version [38;2;140;140;140m{"error":"getaddrinfo EAI_AGAIN api.github.com"}[0m
File not found: /usr/lib/code-server/lib/vscode/out/vsda_bg.wasm
File not found: /usr/lib/code-server/lib/vscode/out/vsda.js
[2024-11-25T19:42:47.610Z] error Failed to get latest version [38;2;140;140;140m{"error":"getaddrinfo EAI_AGAIN api.github.com"}[0m
File not found: /usr/lib/code-server/lib/vscode/out/vsda_bg.wasm
File not found: /usr/lib/code-server/lib/vscode/out/vsda.js
File not found: /usr/lib/code-server/lib/vscode/out/vsda_bg.wasm
File not found: /usr/lib/code-server/lib/vscode/out/vsda.js
[2024-11-25T20:01:38.017Z] error Failed to get latest version [38;2;140;140;140m{"error":"getaddrinfo EAI_AGAIN api.github.com"}[0m
File not found: /usr/lib/code-server/lib/vscode/out/vsda_bg.wasm
File not found: /usr/lib/code-server/lib/vscode/out/vsda.js
File not found: /usr/lib/code-server/lib/vscode/out/vsda_bg.wasm
File not found: /usr/lib/code-server/lib/vscode/out/vsda.js
[2024-11-25T20:12:06.467Z] error Failed to get latest version [38;2;140;140;140m{"error":"getaddrinfo EAI_AGAIN api.github.com"}[0m
File not found: /usr/lib/code-server/lib/vscode/out/vsda_bg.wasm
File not found: /usr/lib/code-server/lib/vscode/out/vsda.js
[2024-11-25T20:42:44.334Z] error Failed to get latest version [38;2;140;140;140m{"error":"getaddrinfo EAI_AGAIN api.github.com"}[0m
[20:42:47] RequestStore#acceptReply was called without receiving a matching request 40
[20:42:47] RequestStore#acceptReply was called without receiving a matching request 41
[20:42:47] RequestStore#acceptReply was called without receiving a matching request 42
[20:42:47] RequestStore#acceptReply was called without receiving a matching request 43
[20:42:47] RequestStore#acceptReply was called without receiving a matching request 44
[20:42:47] RequestStore#acceptReply was called without receiving a matching request 45
[20:42:47] RequestStore#acceptReply was called without receiving a matching request 46
[20:42:47] RequestStore#acceptReply was called without receiving a matching request 47
[20:42:47] RequestStore#acceptReply was called without receiving a matching request 48
[20:42:47] RequestStore#acceptReply was called without receiving a matching request 49
[20:42:47] RequestStore#acceptReply was called without receiving a matching request 50
[20:42:47] RequestStore#acceptReply was called without receiving a matching request 51
[20:42:47] RequestStore#acceptReply was called without receiving a matching request 52
File not found: /usr/lib/code-server/lib/vscode/out/vsda_bg.wasm
File not found: /usr/lib/code-server/lib/vscode/out/vsda.js
[2024-11-26T00:25:05.531Z] error Failed to get latest version [38;2;140;140;140m{"error":"getaddrinfo EAI_AGAIN api.github.com"}[0m
File not found: /usr/lib/code-server/lib/vscode/out/vsda_bg.wasm
File not found: /usr/lib/code-server/lib/vscode/out/vsda.js
[2024-11-26T15:35:20.469Z] error Failed to get latest version [38;2;140;140;140m{"error":"getaddrinfo EAI_AGAIN api.github.com"}[0m
File not found: /usr/lib/code-server/lib/vscode/out/vsda_bg.wasm
File not found: /usr/lib/code-server/lib/vscode/out/vsda.js
File not found: /usr/lib/code-server/lib/vscode/out/vsda_bg.wasm
File not found: /usr/lib/code-server/lib/vscode/out/vsda.js
[2024-11-26T20:49:42.340Z] error Failed to get latest version [38;2;140;140;140m{"error":"getaddrinfo EAI_AGAIN api.github.com"}[0m
File not found: /usr/lib/code-server/lib/vscode/node_modules/vscode-regexp-languagedetection/dist/index.js
