2024-11-25 19:42:44.489 [info] [main] Log level: Info
2024-11-25 19:42:44.489 [info] [main] Validating found git in: "git"
2024-11-25 19:42:44.489 [info] [main] Using git "2.39.2" from "git"
2024-11-25 19:42:44.489 [info] [Model][doInitialScan] Initial repository scan started
2024-11-25 19:42:44.489 [info] > git rev-parse --show-toplevel [6ms]
2024-11-25 19:42:44.489 [info] fatal: not a git repository (or any parent up to mount point /home)
Stopping at filesystem boundary (GIT_DISCOVERY_ACROSS_FILESYSTEM not set).
2024-11-25 19:42:44.489 [info] > git rev-parse --show-toplevel [7ms]
2024-11-25 19:42:44.489 [info] fatal: not a git repository (or any parent up to mount point /home)
Stopping at filesystem boundary (GIT_DISCOVERY_ACROSS_FILESYSTEM not set).
2024-11-25 19:42:44.489 [info] > git rev-parse --show-toplevel [19ms]
2024-11-25 19:42:44.489 [info] fatal: not a git repository (or any parent up to mount point /home)
Stopping at filesystem boundary (GIT_DISCOVERY_ACROSS_FILESYSTEM not set).
2024-11-25 19:42:44.490 [info] > git rev-parse --show-toplevel [6ms]
2024-11-25 19:42:44.490 [info] fatal: not a git repository (or any parent up to mount point /home)
Stopping at filesystem boundary (GIT_DISCOVERY_ACROSS_FILESYSTEM not set).
2024-11-25 19:42:44.500 [info] > git rev-parse --show-toplevel [5ms]
2024-11-25 19:42:44.508 [info] fatal: not a git repository (or any parent up to mount point /home)
Stopping at filesystem boundary (GIT_DISCOVERY_ACROSS_FILESYSTEM not set).
2024-11-25 19:42:44.524 [info] > git rev-parse --show-toplevel [9ms]
2024-11-25 19:42:44.525 [info] fatal: not a git repository (or any parent up to mount point /home)
Stopping at filesystem boundary (GIT_DISCOVERY_ACROSS_FILESYSTEM not set).
2024-11-25 19:42:44.534 [info] [Model][doInitialScan] Initial repository scan completed - repositories (0), closed repositories (0), parent repositories (0), unsafe repositories (0)
