2024-11-26 20:48:59.789 [info] [main] Log level: Info
2024-11-26 20:48:59.811 [info] [main] Validating found git in: "git"
2024-11-26 20:48:59.812 [info] [main] Using git "2.39.2" from "git"
2024-11-26 20:48:59.816 [info] [Model][doInitialScan] Initial repository scan started
2024-11-26 20:48:59.819 [info] > git rev-parse --show-toplevel [4ms]
2024-11-26 20:48:59.823 [info] fatal: not a git repository (or any parent up to mount point /home)
Stopping at filesystem boundary (GIT_DISCOVERY_ACROSS_FILESYSTEM not set).
2024-11-26 20:48:59.823 [info] > git rev-parse --show-toplevel [1ms]
2024-11-26 20:48:59.823 [info] fatal: not a git repository (or any parent up to mount point /home)
Stopping at filesystem boundary (GIT_DISCOVERY_ACROSS_FILESYSTEM not set).
2024-11-26 20:48:59.823 [info] > git rev-parse --show-toplevel [2ms]
2024-11-26 20:48:59.823 [info] fatal: not a git repository (or any parent up to mount point /home)
Stopping at filesystem boundary (GIT_DISCOVERY_ACROSS_FILESYSTEM not set).
2024-11-26 20:48:59.824 [info] > git rev-parse --show-toplevel [41ms]
2024-11-26 20:48:59.827 [info] fatal: not a git repository (or any parent up to mount point /home)
Stopping at filesystem boundary (GIT_DISCOVERY_ACROSS_FILESYSTEM not set).
2024-11-26 20:48:59.841 [info] > git rev-parse --show-toplevel [5ms]
2024-11-26 20:48:59.841 [info] fatal: not a git repository (or any parent up to mount point /home)
Stopping at filesystem boundary (GIT_DISCOVERY_ACROSS_FILESYSTEM not set).
2024-11-26 20:48:59.846 [info] [Model][doInitialScan] Initial repository scan completed - repositories (0), closed repositories (0), parent repositories (0), unsafe repositories (0)
