2024-11-26 20:48:58.441 [info] Extension host with pid 60098 started
2024-11-26 20:48:58.465 [info] Lock '/home/coder/.local/share/code-server/User/workspaceStorage/-77b41055/vscode.lock': Lock acquired.
2024-11-26 20:48:58.584 [info] ExtensionService#_doActivateExtension vscode.git-base, startup: true, activationEvent: '*', root cause: vscode.git
2024-11-26 20:48:58.717 [info] ExtensionService#_doActivateExtension vscode.git, startup: true, activationEvent: '*'
2024-11-26 20:48:58.718 [info] ExtensionService#_doActivateExtension vscode.github, startup: true, activationEvent: '*'
2024-11-26 20:48:59.714 [info] Eager extensions activated
2024-11-26 20:48:59.714 [info] ExtensionService#_doActivateExtension vscode.debug-auto-launch, startup: false, activationEvent: 'onStartupFinished'
2024-11-26 20:48:59.718 [info] ExtensionService#_doActivateExtension vscode.merge-conflict, startup: false, activationEvent: 'onStartupFinished'
2024-11-26 20:49:05.971 [error] Error: getaddrinfo EAI_AGAIN mobile.events.data.microsoft.com
	at GetAddrInfoReqWrap.onlookupall [as oncomplete] (node:dns:118:26)
2024-11-26 20:49:12.607 [error] Error: getaddrinfo EAI_AGAIN mobile.events.data.microsoft.com
	at GetAddrInfoReqWrap.onlookupall [as oncomplete] (node:dns:118:26)
2024-11-26 20:49:14.950 [info] ExtensionService#_doActivateExtension vscode.configuration-editing, startup: false, activationEvent: 'onLanguage:jsonc'
2024-11-26 20:49:14.951 [info] ExtensionService#_doActivateExtension vscode.json-language-features, startup: false, activationEvent: 'onLanguage:jsonc'
2024-11-26 20:49:14.955 [info] ExtensionService#_doActivateExtension vscode.typescript-language-features, startup: false, activationEvent: 'onLanguage:jsonc'
2024-11-26 20:49:14.959 [info] ExtensionService#_doActivateExtension vscode.emmet, startup: false, activationEvent: 'onLanguage'
2024-11-26 20:49:22.370 [error] Error: getaddrinfo EAI_AGAIN mobile.events.data.microsoft.com
	at GetAddrInfoReqWrap.onlookupall [as oncomplete] (node:dns:118:26)
2024-11-26 20:49:29.355 [error] Error: getaddrinfo EAI_AGAIN mobile.events.data.microsoft.com
	at GetAddrInfoReqWrap.onlookupall [as oncomplete] (node:dns:118:26)
2024-11-26 20:49:29.423 [error] Error: getaddrinfo EAI_AGAIN mobile.events.data.microsoft.com
	at GetAddrInfoReqWrap.onlookupall [as oncomplete] (node:dns:118:26)
2024-11-26 20:49:34.448 [info] Extension host terminating: received terminate message from renderer
2024-11-26 20:49:34.449 [info] Lock '/home/coder/.local/share/code-server/User/workspaceStorage/-77b41055/vscode.lock': Marking the lockfile as scheduled to be released in 6000 ms.
2024-11-26 20:49:34.762 [info] Extension host with pid 60098 exiting with code 0
