2024-11-25 20:12:10.379 [info] [main] Log level: Info
2024-11-25 20:12:10.380 [info] [main] Validating found git in: "git"
2024-11-25 20:12:10.383 [info] [main] Using git "2.39.2" from "git"
2024-11-25 20:12:10.387 [info] [Model][doInitialScan] Initial repository scan started
2024-11-25 20:12:10.391 [info] > git rev-parse --show-toplevel [10ms]
2024-11-25 20:12:10.394 [info] fatal: not a git repository (or any parent up to mount point /home)
Stopping at filesystem boundary (GIT_DISCOVERY_ACROSS_FILESYSTEM not set).
2024-11-25 20:12:10.398 [info] > git rev-parse --show-toplevel [68ms]
2024-11-25 20:12:10.401 [info] fatal: not a git repository (or any parent up to mount point /home)
Stopping at filesystem boundary (GIT_DISCOVERY_ACROSS_FILESYSTEM not set).
2024-11-25 20:12:10.405 [info] > git rev-parse --show-toplevel [211ms]
2024-11-25 20:12:10.409 [info] fatal: not a git repository (or any parent up to mount point /home)
Stopping at filesystem boundary (GIT_DISCOVERY_ACROSS_FILESYSTEM not set).
2024-11-25 20:12:10.419 [info] > git rev-parse --show-toplevel [102ms]
2024-11-25 20:12:10.419 [info] fatal: not a git repository (or any parent up to mount point /home)
Stopping at filesystem boundary (GIT_DISCOVERY_ACROSS_FILESYSTEM not set).
2024-11-25 20:12:10.428 [info] > git rev-parse --show-toplevel [3ms]
2024-11-25 20:12:10.428 [info] fatal: not a git repository (or any parent up to mount point /home)
Stopping at filesystem boundary (GIT_DISCOVERY_ACROSS_FILESYSTEM not set).
2024-11-25 20:12:10.437 [info] > git rev-parse --show-toplevel [4ms]
2024-11-25 20:12:10.437 [info] fatal: not a git repository (or any parent up to mount point /home)
Stopping at filesystem boundary (GIT_DISCOVERY_ACROSS_FILESYSTEM not set).
2024-11-25 20:12:10.483 [info] [Model][doInitialScan] Initial repository scan completed - repositories (0), closed repositories (0), parent repositories (0), unsafe repositories (0)
2024-11-25 20:12:10.494 [info] > git rev-parse --show-toplevel [3ms]
2024-11-25 20:12:10.494 [info] fatal: not a git repository (or any parent up to mount point /home)
Stopping at filesystem boundary (GIT_DISCOVERY_ACROSS_FILESYSTEM not set).
2024-11-25 20:34:52.210 [info] > git rev-parse --show-toplevel [4ms]
2024-11-25 20:34:52.211 [info] fatal: not a git repository (or any parent up to mount point /home)
Stopping at filesystem boundary (GIT_DISCOVERY_ACROSS_FILESYSTEM not set).
2024-11-25 20:34:52.593 [info] > git rev-parse --show-toplevel [2ms]
2024-11-25 20:34:52.593 [info] fatal: not a git repository (or any parent up to mount point /home)
Stopping at filesystem boundary (GIT_DISCOVERY_ACROSS_FILESYSTEM not set).
2024-11-25 20:43:59.667 [info] > git rev-parse --show-toplevel [7ms]
2024-11-25 20:43:59.668 [info] fatal: not a git repository (or any parent up to mount point /home)
Stopping at filesystem boundary (GIT_DISCOVERY_ACROSS_FILESYSTEM not set).
2024-11-25 20:57:20.103 [info] > git rev-parse --show-toplevel [7ms]
2024-11-25 20:57:20.104 [info] fatal: not a git repository (or any parent up to mount point /home)
Stopping at filesystem boundary (GIT_DISCOVERY_ACROSS_FILESYSTEM not set).
2024-11-25 20:57:36.407 [info] > git rev-parse --show-toplevel [3ms]
2024-11-25 20:57:36.407 [info] fatal: not a git repository (or any parent up to mount point /home)
Stopping at filesystem boundary (GIT_DISCOVERY_ACROSS_FILESYSTEM not set).
2024-11-25 21:15:16.964 [info] > git rev-parse --show-toplevel [3ms]
2024-11-25 21:15:16.965 [info] fatal: not a git repository (or any parent up to mount point /home)
Stopping at filesystem boundary (GIT_DISCOVERY_ACROSS_FILESYSTEM not set).
2024-11-25 21:20:53.857 [info] > git rev-parse --show-toplevel [4ms]
2024-11-25 21:20:53.858 [info] fatal: not a git repository (or any parent up to mount point /home)
Stopping at filesystem boundary (GIT_DISCOVERY_ACROSS_FILESYSTEM not set).
2024-11-25 21:21:04.824 [info] > git rev-parse --show-toplevel [2ms]
2024-11-25 21:21:04.824 [info] fatal: not a git repository (or any parent up to mount point /home)
Stopping at filesystem boundary (GIT_DISCOVERY_ACROSS_FILESYSTEM not set).
2024-11-25 21:21:13.965 [info] > git rev-parse --show-toplevel [4ms]
2024-11-25 21:21:13.965 [info] fatal: not a git repository (or any parent up to mount point /home)
Stopping at filesystem boundary (GIT_DISCOVERY_ACROSS_FILESYSTEM not set).
2024-11-25 21:22:38.179 [info] > git rev-parse --show-toplevel [4ms]
2024-11-25 21:22:38.181 [info] fatal: not a git repository (or any parent up to mount point /home)
Stopping at filesystem boundary (GIT_DISCOVERY_ACROSS_FILESYSTEM not set).
2024-11-25 21:22:39.877 [info] > git rev-parse --show-toplevel [2ms]
2024-11-25 21:22:39.877 [info] fatal: not a git repository (or any parent up to mount point /home)
Stopping at filesystem boundary (GIT_DISCOVERY_ACROSS_FILESYSTEM not set).
2024-11-25 21:22:41.300 [info] > git rev-parse --show-toplevel [2ms]
2024-11-25 21:22:41.300 [info] fatal: not a git repository (or any parent up to mount point /home)
Stopping at filesystem boundary (GIT_DISCOVERY_ACROSS_FILESYSTEM not set).
2024-11-25 21:22:42.825 [info] > git rev-parse --show-toplevel [2ms]
2024-11-25 21:22:42.825 [info] fatal: not a git repository (or any parent up to mount point /home)
Stopping at filesystem boundary (GIT_DISCOVERY_ACROSS_FILESYSTEM not set).
2024-11-25 21:22:47.081 [info] > git rev-parse --show-toplevel [2ms]
2024-11-25 21:22:47.081 [info] fatal: not a git repository (or any parent up to mount point /home)
Stopping at filesystem boundary (GIT_DISCOVERY_ACROSS_FILESYSTEM not set).
2024-11-25 21:22:51.513 [info] > git rev-parse --show-toplevel [8ms]
2024-11-25 21:22:51.513 [info] fatal: not a git repository (or any parent up to mount point /home)
Stopping at filesystem boundary (GIT_DISCOVERY_ACROSS_FILESYSTEM not set).
2024-11-25 21:29:25.720 [info] > git rev-parse --show-toplevel [4ms]
2024-11-25 21:29:25.721 [info] fatal: not a git repository (or any parent up to mount point /home)
Stopping at filesystem boundary (GIT_DISCOVERY_ACROSS_FILESYSTEM not set).
2024-11-25 21:29:29.347 [info] > git rev-parse --show-toplevel [6ms]
2024-11-25 21:29:29.347 [info] fatal: not a git repository (or any parent up to mount point /home)
Stopping at filesystem boundary (GIT_DISCOVERY_ACROSS_FILESYSTEM not set).
2024-11-25 21:29:30.377 [info] > git rev-parse --show-toplevel [3ms]
2024-11-25 21:29:30.378 [info] fatal: not a git repository (or any parent up to mount point /home)
Stopping at filesystem boundary (GIT_DISCOVERY_ACROSS_FILESYSTEM not set).
2024-11-25 21:29:45.115 [info] > git rev-parse --show-toplevel [2ms]
2024-11-25 21:29:45.115 [info] fatal: not a git repository (or any parent up to mount point /home)
Stopping at filesystem boundary (GIT_DISCOVERY_ACROSS_FILESYSTEM not set).
2024-11-25 21:29:46.341 [info] > git rev-parse --show-toplevel [3ms]
2024-11-25 21:29:46.341 [info] fatal: not a git repository (or any parent up to mount point /home)
Stopping at filesystem boundary (GIT_DISCOVERY_ACROSS_FILESYSTEM not set).
2024-11-25 21:33:21.321 [info] > git rev-parse --show-toplevel [3ms]
2024-11-25 21:33:21.322 [info] fatal: not a git repository (or any parent up to mount point /home)
Stopping at filesystem boundary (GIT_DISCOVERY_ACROSS_FILESYSTEM not set).
2024-11-25 21:33:24.668 [info] > git rev-parse --show-toplevel [5ms]
2024-11-25 21:33:24.668 [info] fatal: not a git repository (or any parent up to mount point /home)
Stopping at filesystem boundary (GIT_DISCOVERY_ACROSS_FILESYSTEM not set).
2024-11-25 21:35:16.543 [info] > git rev-parse --show-toplevel [5ms]
2024-11-25 21:35:16.544 [info] fatal: not a git repository (or any parent up to mount point /home)
Stopping at filesystem boundary (GIT_DISCOVERY_ACROSS_FILESYSTEM not set).
2024-11-25 21:36:42.344 [info] > git rev-parse --show-toplevel [4ms]
2024-11-25 21:36:42.345 [info] fatal: not a git repository (or any parent up to mount point /home)
Stopping at filesystem boundary (GIT_DISCOVERY_ACROSS_FILESYSTEM not set).
2024-11-25 21:38:37.659 [info] > git rev-parse --show-toplevel [3ms]
2024-11-25 21:38:37.660 [info] fatal: not a git repository (or any parent up to mount point /home)
Stopping at filesystem boundary (GIT_DISCOVERY_ACROSS_FILESYSTEM not set).
2024-11-25 21:39:19.372 [info] > git rev-parse --show-toplevel [3ms]
2024-11-25 21:39:19.372 [info] fatal: not a git repository (or any parent up to mount point /home)
Stopping at filesystem boundary (GIT_DISCOVERY_ACROSS_FILESYSTEM not set).
2024-11-25 21:39:25.910 [info] > git rev-parse --show-toplevel [3ms]
2024-11-25 21:39:25.912 [info] fatal: not a git repository (or any parent up to mount point /home)
Stopping at filesystem boundary (GIT_DISCOVERY_ACROSS_FILESYSTEM not set).
2024-11-25 21:39:47.188 [info] > git rev-parse --show-toplevel [3ms]
2024-11-25 21:39:47.188 [info] fatal: not a git repository (or any parent up to mount point /home)
Stopping at filesystem boundary (GIT_DISCOVERY_ACROSS_FILESYSTEM not set).
2024-11-25 21:39:50.682 [info] > git rev-parse --show-toplevel [3ms]
2024-11-25 21:39:50.682 [info] fatal: not a git repository (or any parent up to mount point /home)
Stopping at filesystem boundary (GIT_DISCOVERY_ACROSS_FILESYSTEM not set).
2024-11-25 21:57:51.456 [info] > git rev-parse --show-toplevel [2ms]
2024-11-25 21:57:51.457 [info] fatal: not a git repository (or any parent up to mount point /home)
Stopping at filesystem boundary (GIT_DISCOVERY_ACROSS_FILESYSTEM not set).
2024-11-25 22:03:09.040 [info] > git rev-parse --show-toplevel [4ms]
2024-11-25 22:03:09.041 [info] fatal: not a git repository (or any parent up to mount point /home)
Stopping at filesystem boundary (GIT_DISCOVERY_ACROSS_FILESYSTEM not set).
2024-11-25 22:03:17.999 [info] > git rev-parse --show-toplevel [3ms]
2024-11-25 22:03:18.000 [info] fatal: not a git repository (or any parent up to mount point /home)
Stopping at filesystem boundary (GIT_DISCOVERY_ACROSS_FILESYSTEM not set).
2024-11-25 22:03:18.830 [info] > git rev-parse --show-toplevel [9ms]
2024-11-25 22:03:18.830 [info] fatal: not a git repository (or any parent up to mount point /home)
Stopping at filesystem boundary (GIT_DISCOVERY_ACROSS_FILESYSTEM not set).
2024-11-25 22:05:04.035 [info] > git rev-parse --show-toplevel [7ms]
2024-11-25 22:05:04.036 [info] fatal: not a git repository (or any parent up to mount point /home)
Stopping at filesystem boundary (GIT_DISCOVERY_ACROSS_FILESYSTEM not set).
2024-11-25 22:05:07.495 [info] > git rev-parse --show-toplevel [3ms]
2024-11-25 22:05:07.495 [info] fatal: not a git repository (or any parent up to mount point /home)
Stopping at filesystem boundary (GIT_DISCOVERY_ACROSS_FILESYSTEM not set).
2024-11-25 22:44:30.649 [info] > git rev-parse --show-toplevel [3ms]
2024-11-25 22:44:30.650 [info] fatal: not a git repository (or any parent up to mount point /home)
Stopping at filesystem boundary (GIT_DISCOVERY_ACROSS_FILESYSTEM not set).
2024-11-25 22:44:36.093 [info] > git rev-parse --show-toplevel [1ms]
2024-11-25 22:44:36.094 [info] fatal: not a git repository (or any parent up to mount point /home)
Stopping at filesystem boundary (GIT_DISCOVERY_ACROSS_FILESYSTEM not set).
2024-11-25 22:52:22.177 [info] > git rev-parse --show-toplevel [2ms]
2024-11-25 22:52:22.178 [info] fatal: not a git repository (or any parent up to mount point /home)
Stopping at filesystem boundary (GIT_DISCOVERY_ACROSS_FILESYSTEM not set).
2024-11-25 23:00:12.609 [info] > git rev-parse --show-toplevel [8ms]
2024-11-25 23:00:12.610 [info] fatal: not a git repository (or any parent up to mount point /home)
Stopping at filesystem boundary (GIT_DISCOVERY_ACROSS_FILESYSTEM not set).
2024-11-25 23:00:16.789 [info] > git rev-parse --show-toplevel [2ms]
2024-11-25 23:00:16.789 [info] fatal: not a git repository (or any parent up to mount point /home)
Stopping at filesystem boundary (GIT_DISCOVERY_ACROSS_FILESYSTEM not set).
2024-11-25 23:00:20.094 [info] > git rev-parse --show-toplevel [2ms]
2024-11-25 23:00:20.094 [info] fatal: not a git repository (or any parent up to mount point /home)
Stopping at filesystem boundary (GIT_DISCOVERY_ACROSS_FILESYSTEM not set).
2024-11-25 23:00:22.593 [info] > git rev-parse --show-toplevel [3ms]
2024-11-25 23:00:22.593 [info] fatal: not a git repository (or any parent up to mount point /home)
Stopping at filesystem boundary (GIT_DISCOVERY_ACROSS_FILESYSTEM not set).
2024-11-25 23:00:23.106 [info] > git rev-parse --show-toplevel [2ms]
2024-11-25 23:00:23.106 [info] fatal: not a git repository (or any parent up to mount point /home)
Stopping at filesystem boundary (GIT_DISCOVERY_ACROSS_FILESYSTEM not set).
2024-11-25 23:01:05.529 [info] > git rev-parse --show-toplevel [3ms]
2024-11-25 23:01:05.529 [info] fatal: not a git repository (or any parent up to mount point /home)
Stopping at filesystem boundary (GIT_DISCOVERY_ACROSS_FILESYSTEM not set).
2024-11-25 23:01:30.797 [info] > git rev-parse --show-toplevel [3ms]
2024-11-25 23:01:30.797 [info] fatal: not a git repository (or any parent up to mount point /home)
Stopping at filesystem boundary (GIT_DISCOVERY_ACROSS_FILESYSTEM not set).
2024-11-25 23:03:21.549 [info] > git rev-parse --show-toplevel [2ms]
2024-11-25 23:03:21.552 [info] fatal: not a git repository (or any parent up to mount point /home)
Stopping at filesystem boundary (GIT_DISCOVERY_ACROSS_FILESYSTEM not set).
2024-11-25 23:04:01.425 [info] > git rev-parse --show-toplevel [3ms]
2024-11-25 23:04:01.426 [info] fatal: not a git repository (or any parent up to mount point /home)
Stopping at filesystem boundary (GIT_DISCOVERY_ACROSS_FILESYSTEM not set).
