2024-11-26 21:05:42.746 [info] [main] Log level: Info
2024-11-26 21:05:42.746 [info] [main] Validating found git in: "git"
2024-11-26 21:05:42.746 [info] [main] Using git "2.39.2" from "git"
2024-11-26 21:05:42.746 [info] [Model][doInitialScan] Initial repository scan started
2024-11-26 21:05:42.746 [info] > git rev-parse --show-toplevel [17ms]
2024-11-26 21:05:42.746 [info] > git rev-parse --git-dir --git-common-dir [8ms]
2024-11-26 21:05:42.746 [info] [Model][openRepository] Opened repository: /home/coder
2024-11-26 21:05:42.746 [info] > git rev-parse --show-toplevel [10ms]
2024-11-26 21:05:42.746 [info] > git config --get commit.template [15ms]
2024-11-26 21:05:42.746 [info] > git rev-parse --show-toplevel [10ms]
2024-11-26 21:05:42.746 [info] > git rev-parse --show-toplevel [14ms]
2024-11-26 21:05:42.746 [info] > git for-each-ref --format=%(refname)%00%(upstream:short)%00%(objectname)%00%(upstream:track)%00%(upstream:remotename)%00%(upstream:remoteref) refs/heads/master refs/remotes/master [70ms]
2024-11-26 21:05:42.746 [info] > git rev-parse --show-toplevel [74ms]
2024-11-26 21:05:42.746 [info] [Model][doInitialScan] Initial repository scan completed - repositories (1), closed repositories (0), parent repositories (0), unsafe repositories (0)
2024-11-26 21:05:42.799 [info] > git status -z -uall [150ms]
2024-11-26 21:05:42.869 [info] > git for-each-ref --format=%(refname)%00%(upstream:short)%00%(objectname)%00%(upstream:track)%00%(upstream:remotename)%00%(upstream:remoteref) refs/heads/master refs/remotes/master [64ms]
2024-11-26 21:05:42.876 [info] > git config --get commit.template [12ms]
2024-11-26 21:05:42.962 [info] > git for-each-ref --format=%(refname)%00%(upstream:short)%00%(objectname)%00%(upstream:track)%00%(upstream:remotename)%00%(upstream:remoteref) refs/heads/master refs/remotes/master [48ms]
2024-11-26 21:05:43.014 [info] > git config --local branch.master.vscode-merge-base [140ms]
2024-11-26 21:05:43.014 [warning] [Git][config] git config failed: Failed to execute git
2024-11-26 21:05:43.064 [info] > git reflog master --grep-reflog=branch: Created from *. [46ms]
2024-11-26 21:05:43.139 [info] > git symbolic-ref --short refs/remotes/origin/HEAD [22ms]
2024-11-26 21:05:43.139 [info] fatal: ref refs/remotes/origin/HEAD is not a symbolic ref
2024-11-26 21:05:43.234 [info] > git status -z -uall [221ms]
2024-11-26 21:05:43.268 [info] > git for-each-ref --format=%(refname)%00%(upstream:short)%00%(objectname)%00%(upstream:track)%00%(upstream:remotename)%00%(upstream:remoteref) refs/heads/master refs/remotes/master [24ms]
2024-11-26 21:05:43.320 [info] > git check-ignore -v -z --stdin [66ms]
2024-11-26 21:05:43.331 [info] > git config --local branch.master.vscode-merge-base [15ms]
2024-11-26 21:05:43.331 [warning] [Git][config] git config failed: Failed to execute git
2024-11-26 21:05:43.362 [info] > git reflog master --grep-reflog=branch: Created from *. [22ms]
2024-11-26 21:05:43.377 [info] > git symbolic-ref --short refs/remotes/origin/HEAD [11ms]
2024-11-26 21:05:43.377 [info] fatal: ref refs/remotes/origin/HEAD is not a symbolic ref
2024-11-26 21:05:43.445 [info] > git show --textconv :Helper.cpp [45ms]
2024-11-26 21:05:43.447 [info] > git ls-files --stage -- /home/coder/Helper.cpp [32ms]
2024-11-26 21:05:43.477 [info] > git cat-file -s 2ceee3749fac1d11006c32ffbc444b009b241b7b [17ms]
