2024-11-25 10:45:54.185 [info] Extension host with pid 59 started
2024-11-25 10:45:54.250 [info] Lock '/home/coder/.local/share/code-server/User/workspaceStorage/3e9b14db/vscode.lock': Lock acquired.
2024-11-25 10:45:54.361 [info] ExtensionService#_doActivateExtension vscode.git-base, startup: true, activationEvent: '*', root cause: vscode.git
2024-11-25 10:45:54.487 [info] ExtensionService#_doActivateExtension vscode.git, startup: true, activationEvent: '*'
2024-11-25 10:45:54.488 [info] ExtensionService#_doActivateExtension vscode.github, startup: true, activationEvent: '*'
2024-11-25 10:45:55.368 [info] Eager extensions activated
2024-11-25 10:45:55.369 [info] ExtensionService#_doActivateExtension vscode.debug-auto-launch, startup: false, activationEvent: 'onStartupFinished'
2024-11-25 10:45:55.376 [info] ExtensionService#_doActivateExtension vscode.merge-conflict, startup: false, activationEvent: 'onStartupFinished'
2024-11-25 10:45:55.554 [info] ExtensionService#_doActivateExtension vscode.emmet, startup: false, activationEvent: 'onLanguage'
2024-11-25 10:46:02.072 [error] Error: getaddrinfo EAI_AGAIN mobile.events.data.microsoft.com
	at GetAddrInfoReqWrap.onlookupall [as oncomplete] (node:dns:118:26)
2024-11-25 10:46:13.691 [error] Error: getaddrinfo EAI_AGAIN mobile.events.data.microsoft.com
	at GetAddrInfoReqWrap.onlookupall [as oncomplete] (node:dns:118:26)
2024-11-25 10:46:42.466 [info] ExtensionService#_doActivateExtension vscode.configuration-editing, startup: false, activationEvent: 'onLanguage:jsonc'
2024-11-25 10:46:42.468 [info] ExtensionService#_doActivateExtension vscode.json-language-features, startup: false, activationEvent: 'onLanguage:jsonc'
2024-11-25 10:46:42.468 [info] ExtensionService#_doActivateExtension vscode.typescript-language-features, startup: false, activationEvent: 'onLanguage:jsonc'
2024-11-25 10:46:56.949 [error] Error: getaddrinfo EAI_AGAIN mobile.events.data.microsoft.com
	at GetAddrInfoReqWrap.onlookupall [as oncomplete] (node:dns:118:26)
2024-11-25 10:47:16.194 [error] Error: getaddrinfo EAI_AGAIN mobile.events.data.microsoft.com
	at GetAddrInfoReqWrap.onlookupall [as oncomplete] (node:dns:118:26)
2024-11-25 11:16:49.348 [error] Error: getaddrinfo EAI_AGAIN mobile.events.data.microsoft.com
	at GetAddrInfoReqWrap.onlookupall [as oncomplete] (node:dns:118:26)
2024-11-25 11:16:52.797 [error] Error: getaddrinfo EAI_AGAIN mobile.events.data.microsoft.com
	at GetAddrInfoReqWrap.onlookupall [as oncomplete] (node:dns:118:26)
