2024-11-26 00:24:50.525 [info] [main] Log level: Info
2024-11-26 00:24:50.525 [info] [main] Validating found git in: "git"
2024-11-26 00:24:50.525 [info] [main] Using git "2.39.2" from "git"
2024-11-26 00:24:50.525 [info] [Model][doInitialScan] Initial repository scan started
2024-11-26 00:24:50.525 [info] > git rev-parse --show-toplevel [19ms]
2024-11-26 00:24:50.525 [info] fatal: not a git repository (or any parent up to mount point /home)
Stopping at filesystem boundary (GIT_DISCOVERY_ACROSS_FILESYSTEM not set).
2024-11-26 00:24:50.525 [info] > git rev-parse --show-toplevel [11ms]
2024-11-26 00:24:50.525 [info] fatal: not a git repository (or any parent up to mount point /home)
Stopping at filesystem boundary (GIT_DISCOVERY_ACROSS_FILESYSTEM not set).
2024-11-26 00:24:50.525 [info] > git rev-parse --show-toplevel [19ms]
2024-11-26 00:24:50.525 [info] fatal: not a git repository (or any parent up to mount point /home)
Stopping at filesystem boundary (GIT_DISCOVERY_ACROSS_FILESYSTEM not set).
2024-11-26 00:24:50.525 [info] > git rev-parse --show-toplevel [6ms]
2024-11-26 00:24:50.525 [info] fatal: not a git repository (or any parent up to mount point /home)
Stopping at filesystem boundary (GIT_DISCOVERY_ACROSS_FILESYSTEM not set).
2024-11-26 00:24:50.525 [info] > git rev-parse --show-toplevel [3ms]
2024-11-26 00:24:50.525 [info] fatal: not a git repository (or any parent up to mount point /home)
Stopping at filesystem boundary (GIT_DISCOVERY_ACROSS_FILESYSTEM not set).
2024-11-26 00:24:50.525 [info] > git rev-parse --show-toplevel [7ms]
2024-11-26 00:24:50.525 [info] fatal: not a git repository (or any parent up to mount point /home)
Stopping at filesystem boundary (GIT_DISCOVERY_ACROSS_FILESYSTEM not set).
2024-11-26 00:24:50.525 [info] [Model][doInitialScan] Initial repository scan completed - repositories (0), closed repositories (0), parent repositories (0), unsafe repositories (0)
2024-11-26 00:24:50.626 [info] > git rev-parse --show-toplevel [1ms]
2024-11-26 00:24:50.627 [info] fatal: not a git repository (or any parent up to mount point /home)
Stopping at filesystem boundary (GIT_DISCOVERY_ACROSS_FILESYSTEM not set).
