2024-11-25 10:45:55.643 [info] [main] Log level: Info
2024-11-25 10:45:55.643 [info] [main] Validating found git in: "git"
2024-11-25 10:45:55.643 [info] [main] Using git "2.39.2" from "git"
2024-11-25 10:45:55.643 [info] [Model][doInitialScan] Initial repository scan started
2024-11-25 10:45:55.643 [info] > git rev-parse --show-toplevel [22ms]
2024-11-25 10:45:55.643 [info] fatal: not a git repository (or any parent up to mount point /home)
Stopping at filesystem boundary (GIT_DISCOVERY_ACROSS_FILESYSTEM not set).
2024-11-25 10:45:55.643 [info] > git rev-parse --show-toplevel [5ms]
2024-11-25 10:45:55.643 [info] fatal: not a git repository (or any parent up to mount point /home)
Stopping at filesystem boundary (GIT_DISCOVERY_ACROSS_FILESYSTEM not set).
2024-11-25 10:45:55.643 [info] > git rev-parse --show-toplevel [7ms]
2024-11-25 10:45:55.643 [info] fatal: not a git repository (or any parent up to mount point /home)
Stopping at filesystem boundary (GIT_DISCOVERY_ACROSS_FILESYSTEM not set).
2024-11-25 10:45:55.645 [info] > git rev-parse --show-toplevel [8ms]
2024-11-25 10:45:55.647 [info] fatal: not a git repository (or any parent up to mount point /home)
Stopping at filesystem boundary (GIT_DISCOVERY_ACROSS_FILESYSTEM not set).
2024-11-25 10:45:55.691 [info] > git rev-parse --show-toplevel [36ms]
2024-11-25 10:45:55.692 [info] fatal: not a git repository (or any parent up to mount point /home)
Stopping at filesystem boundary (GIT_DISCOVERY_ACROSS_FILESYSTEM not set).
2024-11-25 10:45:55.701 [info] > git rev-parse --show-toplevel [7ms]
2024-11-25 10:45:55.701 [info] fatal: not a git repository (or any parent up to mount point /home)
Stopping at filesystem boundary (GIT_DISCOVERY_ACROSS_FILESYSTEM not set).
2024-11-25 10:45:55.735 [info] [Model][doInitialScan] Initial repository scan completed - repositories (0), closed repositories (0), parent repositories (0), unsafe repositories (0)
2024-11-25 10:46:07.547 [info] > git rev-parse --show-toplevel [2ms]
2024-11-25 10:46:07.548 [info] fatal: not a git repository (or any parent up to mount point /home)
Stopping at filesystem boundary (GIT_DISCOVERY_ACROSS_FILESYSTEM not set).
2024-11-25 10:46:24.653 [info] > git rev-parse --show-toplevel [1ms]
2024-11-25 10:46:24.654 [info] fatal: not a git repository (or any parent up to mount point /home)
Stopping at filesystem boundary (GIT_DISCOVERY_ACROSS_FILESYSTEM not set).
2024-11-25 10:46:43.210 [info] > git rev-parse --show-toplevel [3ms]
2024-11-25 10:46:43.211 [info] fatal: not a git repository (or any parent up to mount point /home)
Stopping at filesystem boundary (GIT_DISCOVERY_ACROSS_FILESYSTEM not set).
