2024-11-26 21:05:36.954 [info] [main] Log level: Info
2024-11-26 21:05:36.954 [info] [main] Validating found git in: "git"
2024-11-26 21:05:36.954 [info] [main] Using git "2.39.2" from "git"
2024-11-26 21:05:36.954 [info] [Model][doInitialScan] Initial repository scan started
2024-11-26 21:05:36.954 [info] > git rev-parse --show-toplevel [100ms]
2024-11-26 21:05:36.954 [info] > git rev-parse --git-dir --git-common-dir [144ms]
2024-11-26 21:05:36.954 [info] [Model][openRepository] Opened repository: /home/coder
2024-11-26 21:05:36.954 [info] > git config --get commit.template [22ms]
2024-11-26 21:05:36.954 [info] > git rev-parse --show-toplevel [24ms]
2024-11-26 21:05:36.965 [info] > git rev-parse --show-toplevel [17ms]
2024-11-26 21:05:37.054 [info] > git rev-parse --show-toplevel [36ms]
2024-11-26 21:05:37.054 [info] > git for-each-ref --format=%(refname)%00%(upstream:short)%00%(objectname)%00%(upstream:track)%00%(upstream:remotename)%00%(upstream:remoteref) refs/heads/master refs/remotes/master [114ms]
2024-11-26 21:05:37.075 [info] > git rev-parse --show-toplevel [11ms]
2024-11-26 21:05:37.080 [info] [Model][doInitialScan] Initial repository scan completed - repositories (1), closed repositories (0), parent repositories (0), unsafe repositories (0)
2024-11-26 21:05:37.233 [info] > git status -z -uall [171ms]
2024-11-26 21:05:37.289 [info] > git for-each-ref --format=%(refname)%00%(upstream:short)%00%(objectname)%00%(upstream:track)%00%(upstream:remotename)%00%(upstream:remoteref) refs/heads/master refs/remotes/master [41ms]
2024-11-26 21:05:37.301 [info] > git config --get commit.template [12ms]
2024-11-26 21:05:37.301 [info] > git config --local branch.master.vscode-merge-base [8ms]
2024-11-26 21:05:37.305 [warning] [Git][config] git config failed: Failed to execute git
2024-11-26 21:05:37.316 [info] > git for-each-ref --format=%(refname)%00%(upstream:short)%00%(objectname)%00%(upstream:track)%00%(upstream:remotename)%00%(upstream:remoteref) refs/heads/master refs/remotes/master [17ms]
2024-11-26 21:05:37.331 [info] > git reflog master --grep-reflog=branch: Created from *. [19ms]
2024-11-26 21:05:37.362 [info] > git symbolic-ref --short refs/remotes/origin/HEAD [27ms]
2024-11-26 21:05:37.362 [info] fatal: ref refs/remotes/origin/HEAD is not a symbolic ref
2024-11-26 21:05:37.417 [info] > git status -z -uall [99ms]
2024-11-26 21:05:37.444 [info] > git for-each-ref --format=%(refname)%00%(upstream:short)%00%(objectname)%00%(upstream:track)%00%(upstream:remotename)%00%(upstream:remoteref) refs/heads/master refs/remotes/master [24ms]
2024-11-26 21:05:37.448 [info] > git check-ignore -v -z --stdin [14ms]
2024-11-26 21:05:37.455 [info] > git config --local branch.master.vscode-merge-base [7ms]
2024-11-26 21:05:37.455 [warning] [Git][config] git config failed: Failed to execute git
2024-11-26 21:05:37.478 [info] > git reflog master --grep-reflog=branch: Created from *. [16ms]
2024-11-26 21:05:37.494 [info] > git symbolic-ref --short refs/remotes/origin/HEAD [11ms]
2024-11-26 21:05:37.494 [info] fatal: ref refs/remotes/origin/HEAD is not a symbolic ref
