2024-11-25 20:00:31.539 [info] [main] Log level: Info
2024-11-25 20:00:31.539 [info] [main] Validating found git in: "git"
2024-11-25 20:00:31.539 [info] [main] Using git "2.39.2" from "git"
2024-11-25 20:00:31.539 [info] [Model][doInitialScan] Initial repository scan started
2024-11-25 20:00:31.540 [info] > git rev-parse --show-toplevel [8ms]
2024-11-25 20:00:31.543 [info] fatal: not a git repository (or any parent up to mount point /home)
Stopping at filesystem boundary (GIT_DISCOVERY_ACROSS_FILESYSTEM not set).
2024-11-25 20:00:31.543 [info] > git rev-parse --show-toplevel [9ms]
2024-11-25 20:00:31.543 [info] fatal: not a git repository (or any parent up to mount point /home)
Stopping at filesystem boundary (GIT_DISCOVERY_ACROSS_FILESYSTEM not set).
2024-11-25 20:00:31.543 [info] > git rev-parse --show-toplevel [2ms]
2024-11-25 20:00:31.543 [info] fatal: not a git repository (or any parent up to mount point /home)
Stopping at filesystem boundary (GIT_DISCOVERY_ACROSS_FILESYSTEM not set).
2024-11-25 20:00:31.543 [info] > git rev-parse --show-toplevel [3ms]
2024-11-25 20:00:31.543 [info] fatal: not a git repository (or any parent up to mount point /home)
Stopping at filesystem boundary (GIT_DISCOVERY_ACROSS_FILESYSTEM not set).
2024-11-25 20:00:31.543 [info] > git rev-parse --show-toplevel [2ms]
2024-11-25 20:00:31.543 [info] fatal: not a git repository (or any parent up to mount point /home)
Stopping at filesystem boundary (GIT_DISCOVERY_ACROSS_FILESYSTEM not set).
2024-11-25 20:00:31.543 [info] > git rev-parse --show-toplevel [3ms]
2024-11-25 20:00:31.543 [info] fatal: not a git repository (or any parent up to mount point /home)
Stopping at filesystem boundary (GIT_DISCOVERY_ACROSS_FILESYSTEM not set).
2024-11-25 20:00:31.543 [info] [Model][doInitialScan] Initial repository scan completed - repositories (0), closed repositories (0), parent repositories (0), unsafe repositories (0)
