2024-11-25 11:45:14.201 [info] [main] Log level: Info
2024-11-25 11:45:14.201 [info] [main] Validating found git in: "git"
2024-11-25 11:45:14.212 [info] [main] Using git "2.39.2" from "git"
2024-11-25 11:45:14.215 [info] [Model][doInitialScan] Initial repository scan started
2024-11-25 11:45:14.218 [info] > git rev-parse --show-toplevel [9ms]
2024-11-25 11:45:14.218 [info] fatal: not a git repository (or any parent up to mount point /home)
Stopping at filesystem boundary (GIT_DISCOVERY_ACROSS_FILESYSTEM not set).
2024-11-25 11:45:14.218 [info] > git rev-parse --show-toplevel [66ms]
2024-11-25 11:45:14.218 [info] fatal: not a git repository (or any parent up to mount point /home)
Stopping at filesystem boundary (GIT_DISCOVERY_ACROSS_FILESYSTEM not set).
2024-11-25 11:45:14.218 [info] > git rev-parse --show-toplevel [3ms]
2024-11-25 11:45:14.218 [info] fatal: not a git repository (or any parent up to mount point /home)
Stopping at filesystem boundary (GIT_DISCOVERY_ACROSS_FILESYSTEM not set).
2024-11-25 11:45:14.218 [info] > git rev-parse --show-toplevel [3ms]
2024-11-25 11:45:14.218 [info] fatal: not a git repository (or any parent up to mount point /home)
Stopping at filesystem boundary (GIT_DISCOVERY_ACROSS_FILESYSTEM not set).
2024-11-25 11:45:14.218 [info] > git rev-parse --show-toplevel [3ms]
2024-11-25 11:45:14.218 [info] fatal: not a git repository (or any parent up to mount point /home)
Stopping at filesystem boundary (GIT_DISCOVERY_ACROSS_FILESYSTEM not set).
2024-11-25 11:45:14.219 [info] > git rev-parse --show-toplevel [35ms]
2024-11-25 11:45:14.221 [info] fatal: not a git repository (or any parent up to mount point /home)
Stopping at filesystem boundary (GIT_DISCOVERY_ACROSS_FILESYSTEM not set).
2024-11-25 11:45:14.227 [info] [Model][doInitialScan] Initial repository scan completed - repositories (0), closed repositories (0), parent repositories (0), unsafe repositories (0)
2024-11-25 11:45:14.368 [info] > git rev-parse --show-toplevel [3ms]
2024-11-25 11:45:14.369 [info] fatal: not a git repository (or any parent up to mount point /home)
Stopping at filesystem boundary (GIT_DISCOVERY_ACROSS_FILESYSTEM not set).
2024-11-25 11:45:20.800 [info] > git rev-parse --show-toplevel [3ms]
2024-11-25 11:45:20.801 [info] fatal: not a git repository (or any parent up to mount point /home)
Stopping at filesystem boundary (GIT_DISCOVERY_ACROSS_FILESYSTEM not set).
2024-11-25 11:45:52.676 [info] > git rev-parse --show-toplevel [2ms]
2024-11-25 11:45:52.677 [info] fatal: not a git repository (or any parent up to mount point /home)
Stopping at filesystem boundary (GIT_DISCOVERY_ACROSS_FILESYSTEM not set).
2024-11-25 11:45:55.319 [info] > git rev-parse --show-toplevel [1ms]
2024-11-25 11:45:55.319 [info] fatal: not a git repository (or any parent up to mount point /home)
Stopping at filesystem boundary (GIT_DISCOVERY_ACROSS_FILESYSTEM not set).
2024-11-25 11:45:56.007 [info] > git rev-parse --show-toplevel [2ms]
2024-11-25 11:45:56.007 [info] fatal: not a git repository (or any parent up to mount point /home)
Stopping at filesystem boundary (GIT_DISCOVERY_ACROSS_FILESYSTEM not set).
2024-11-25 11:45:58.049 [info] > git rev-parse --show-toplevel [2ms]
2024-11-25 11:45:58.049 [info] fatal: not a git repository (or any parent up to mount point /home)
Stopping at filesystem boundary (GIT_DISCOVERY_ACROSS_FILESYSTEM not set).
2024-11-25 11:46:12.194 [info] > git rev-parse --show-toplevel [1ms]
2024-11-25 11:46:12.195 [info] fatal: not a git repository (or any parent up to mount point /home)
Stopping at filesystem boundary (GIT_DISCOVERY_ACROSS_FILESYSTEM not set).
2024-11-25 11:54:32.034 [info] > git rev-parse --show-toplevel [3ms]
2024-11-25 11:54:32.035 [info] fatal: not a git repository (or any parent up to mount point /home)
Stopping at filesystem boundary (GIT_DISCOVERY_ACROSS_FILESYSTEM not set).
