2024-11-25 19:42:41.779 [info] Extension host with pid 48 started
2024-11-25 19:42:41.779 [error] Error: EEXIST: file already exists, open '/home/coder/.local/share/code-server/User/workspaceStorage/3e9b14db/vscode.lock'
2024-11-25 19:42:41.782 [info] Lock '/home/coder/.local/share/code-server/User/workspaceStorage/3e9b14db/vscode.lock': Could not acquire lock, checking if the file is stale.
2024-11-25 19:42:41.796 [info] Lock '/home/coder/.local/share/code-server/User/workspaceStorage/3e9b14db/vscode.lock': The lock looks stale, waiting for 2s.
2024-11-25 19:42:41.884 [info] ExtensionService#_doActivateExtension vscode.emmet, startup: false, activationEvent: 'onLanguage'
2024-11-25 19:42:42.890 [info] ExtensionService#_doActivateExtension vscode.git-base, startup: true, activationEvent: '*', root cause: vscode.git
2024-11-25 19:42:43.798 [info] Lock '/home/coder/.local/share/code-server/User/workspaceStorage/3e9b14db/vscode.lock': The lock looks stale even after waiting for 2s.
2024-11-25 19:42:43.798 [info] Lock '/home/coder/.local/share/code-server/User/workspaceStorage/3e9b14db/vscode.lock': Deleting a stale lock.
2024-11-25 19:42:43.813 [info] Lock '/home/coder/.local/share/code-server/User/workspaceStorage/3e9b14db/vscode.lock': Lock acquired.
2024-11-25 19:42:43.914 [info] ExtensionService#_doActivateExtension vscode.git, startup: true, activationEvent: '*'
2024-11-25 19:42:43.915 [info] ExtensionService#_doActivateExtension vscode.github, startup: true, activationEvent: '*'
2024-11-25 19:42:44.328 [info] Eager extensions activated
2024-11-25 19:42:44.328 [info] ExtensionService#_doActivateExtension vscode.debug-auto-launch, startup: false, activationEvent: 'onStartupFinished'
2024-11-25 19:42:44.333 [info] ExtensionService#_doActivateExtension vscode.merge-conflict, startup: false, activationEvent: 'onStartupFinished'
2024-11-25 19:43:02.686 [error] Error: getaddrinfo EAI_AGAIN mobile.events.data.microsoft.com
	at GetAddrInfoReqWrap.onlookupall [as oncomplete] (node:dns:118:26)
2024-11-25 19:43:21.955 [error] Error: getaddrinfo EAI_AGAIN mobile.events.data.microsoft.com
	at GetAddrInfoReqWrap.onlookupall [as oncomplete] (node:dns:118:26)
2024-11-25 20:05:25.421 [info] Extension host terminating: renderer disconnected for too long (2)
2024-11-25 20:05:25.422 [info] Lock '/home/coder/.local/share/code-server/User/workspaceStorage/3e9b14db/vscode.lock': Marking the lockfile as scheduled to be released in 6000 ms.
2024-11-25 20:05:25.501 [info] Extension host with pid 48 exiting with code 0
