2024-11-26 21:05:53.424 [info] Extension host with pid 68393 started
2024-11-26 21:05:53.424 [error] Error: EEXIST: file already exists, open '/home/coder/.local/share/code-server/User/workspaceStorage/-856d888/vscode.lock'
2024-11-26 21:05:53.430 [info] Lock '/home/coder/.local/share/code-server/User/workspaceStorage/-856d888/vscode.lock': Could not acquire lock, checking if the file is stale.
2024-11-26 21:05:53.453 [info] Lock '/home/coder/.local/share/code-server/User/workspaceStorage/-856d888/vscode.lock': The lock does not look stale, elapsed: 438 ms, giving up.
2024-11-26 21:05:53.468 [info] Lock '/home/coder/.local/share/code-server/User/workspaceStorage/-856d888-1/vscode.lock': Lock acquired.
2024-11-26 21:05:53.586 [info] ExtensionService#_doActivateExtension vscode.git-base, startup: true, activationEvent: '*', root cause: vscode.git
2024-11-26 21:05:53.663 [info] ExtensionService#_doActivateExtension vscode.git, startup: true, activationEvent: '*'
2024-11-26 21:05:53.663 [info] ExtensionService#_doActivateExtension vscode.github, startup: true, activationEvent: '*'
2024-11-26 21:05:54.062 [info] ExtensionService#_doActivateExtension vscode.emmet, startup: false, activationEvent: 'onLanguage'
2024-11-26 21:05:54.366 [info] Eager extensions activated
2024-11-26 21:05:54.366 [info] ExtensionService#_doActivateExtension vscode.debug-auto-launch, startup: false, activationEvent: 'onStartupFinished'
2024-11-26 21:05:54.370 [info] ExtensionService#_doActivateExtension vscode.merge-conflict, startup: false, activationEvent: 'onStartupFinished'
2024-11-26 21:06:04.965 [error] Error: getaddrinfo EAI_AGAIN mobile.events.data.microsoft.com
	at GetAddrInfoReqWrap.onlookupall [as oncomplete] (node:dns:118:26)
2024-11-26 21:06:09.023 [error] Error: getaddrinfo EAI_AGAIN mobile.events.data.microsoft.com
	at GetAddrInfoReqWrap.onlookupall [as oncomplete] (node:dns:118:26)
2024-11-26 21:06:11.614 [error] Error: getaddrinfo EAI_AGAIN mobile.events.data.microsoft.com
	at GetAddrInfoReqWrap.onlookupall [as oncomplete] (node:dns:118:26)
2024-11-26 21:06:20.524 [error] Error: getaddrinfo EAI_AGAIN mobile.events.data.microsoft.com
	at GetAddrInfoReqWrap.onlookupall [as oncomplete] (node:dns:118:26)
