2024-11-26 21:05:10.344 [info] [main] Log level: Info
2024-11-26 21:05:10.344 [info] [main] Validating found git in: "git"
2024-11-26 21:05:10.344 [info] [main] Using git "2.39.2" from "git"
2024-11-26 21:05:10.344 [info] [Model][doInitialScan] Initial repository scan started
2024-11-26 21:05:10.344 [info] > git rev-parse --show-toplevel [55ms]
2024-11-26 21:05:10.350 [info] > git rev-parse --git-dir --git-common-dir [19ms]
2024-11-26 21:05:10.452 [info] [Model][openRepository] Opened repository: /home/coder
2024-11-26 21:05:10.638 [info] > git rev-parse --show-toplevel [148ms]
2024-11-26 21:05:10.640 [info] > git config --get commit.template [154ms]
2024-11-26 21:05:10.776 [info] > git rev-parse --show-toplevel [120ms]
2024-11-26 21:05:10.776 [info] > git for-each-ref --format=%(refname)%00%(upstream:short)%00%(objectname)%00%(upstream:track)%00%(upstream:remotename)%00%(upstream:remoteref) refs/heads/master refs/remotes/master [140ms]
2024-11-26 21:05:10.835 [info] > git rev-parse --show-toplevel [12ms]
2024-11-26 21:05:10.856 [info] > git rev-parse --show-toplevel [11ms]
2024-11-26 21:05:10.860 [info] [Model][doInitialScan] Initial repository scan completed - repositories (1), closed repositories (0), parent repositories (0), unsafe repositories (0)
2024-11-26 21:05:11.006 [info] > git status -z -uall [189ms]
2024-11-26 21:05:11.047 [info] > git for-each-ref --format=%(refname)%00%(upstream:short)%00%(objectname)%00%(upstream:track)%00%(upstream:remotename)%00%(upstream:remoteref) refs/heads/master refs/remotes/master [34ms]
2024-11-26 21:05:11.059 [info] > git config --get commit.template [20ms]
2024-11-26 21:05:11.066 [info] > git config --local branch.master.vscode-merge-base [10ms]
2024-11-26 21:05:11.066 [warning] [Git][config] git config failed: Failed to execute git
2024-11-26 21:05:11.083 [info] > git for-each-ref --format=%(refname)%00%(upstream:short)%00%(objectname)%00%(upstream:track)%00%(upstream:remotename)%00%(upstream:remoteref) refs/heads/master refs/remotes/master [40ms]
2024-11-26 21:05:11.151 [info] > git reflog master --grep-reflog=branch: Created from *. [73ms]
2024-11-26 21:05:11.177 [info] > git symbolic-ref --short refs/remotes/origin/HEAD [24ms]
2024-11-26 21:05:11.183 [info] fatal: ref refs/remotes/origin/HEAD is not a symbolic ref
2024-11-26 21:05:11.220 [info] > git check-ignore -v -z --stdin [57ms]
2024-11-26 21:05:11.239 [info] > git status -z -uall [148ms]
2024-11-26 21:05:11.270 [info] > git for-each-ref --format=%(refname)%00%(upstream:short)%00%(objectname)%00%(upstream:track)%00%(upstream:remotename)%00%(upstream:remoteref) refs/heads/master refs/remotes/master [22ms]
2024-11-26 21:05:11.280 [info] > git ls-files --stage -- /home/coder/Helper.hpp [15ms]
2024-11-26 21:05:11.285 [info] > git show --textconv :Helper.hpp [23ms]
2024-11-26 21:05:11.313 [info] > git config --local branch.master.vscode-merge-base [36ms]
2024-11-26 21:05:11.313 [warning] [Git][config] git config failed: Failed to execute git
2024-11-26 21:05:11.327 [info] > git cat-file -s 172724c505d02ec6da57d417149a84bbcb533b38 [43ms]
2024-11-26 21:05:11.335 [info] > git reflog master --grep-reflog=branch: Created from *. [19ms]
2024-11-26 21:05:11.349 [info] > git symbolic-ref --short refs/remotes/origin/HEAD [11ms]
2024-11-26 21:05:11.350 [info] fatal: ref refs/remotes/origin/HEAD is not a symbolic ref
2024-11-26 21:05:11.698 [info] > git ls-files --stage -- /home/coder/Helper.cpp [12ms]
2024-11-26 21:05:11.702 [info] > git show --textconv :Helper.cpp [18ms]
2024-11-26 21:05:11.724 [info] > git cat-file -s 2ceee3749fac1d11006c32ffbc444b009b241b7b [23ms]
2024-11-26 21:05:16.983 [info] > git config --get commit.template [44ms]
2024-11-26 21:05:17.003 [info] > git for-each-ref --format=%(refname)%00%(upstream:short)%00%(objectname)%00%(upstream:track)%00%(upstream:remotename)%00%(upstream:remoteref) refs/heads/master refs/remotes/master [28ms]
2024-11-26 21:05:17.118 [info] > git status -z -uall [112ms]
2024-11-26 21:05:17.144 [info] > git for-each-ref --format=%(refname)%00%(upstream:short)%00%(objectname)%00%(upstream:track)%00%(upstream:remotename)%00%(upstream:remoteref) refs/heads/master refs/remotes/master [21ms]
2024-11-26 21:05:17.171 [info] > git config --local branch.master.vscode-merge-base [15ms]
2024-11-26 21:05:17.172 [warning] [Git][config] git config failed: Failed to execute git
2024-11-26 21:05:17.212 [info] > git reflog master --grep-reflog=branch: Created from *. [34ms]
2024-11-26 21:05:17.238 [info] > git symbolic-ref --short refs/remotes/origin/HEAD [20ms]
2024-11-26 21:05:17.239 [info] fatal: ref refs/remotes/origin/HEAD is not a symbolic ref
2024-11-26 21:05:22.159 [info] > git config --get commit.template [25ms]
2024-11-26 21:05:22.179 [info] > git for-each-ref --format=%(refname)%00%(upstream:short)%00%(objectname)%00%(upstream:track)%00%(upstream:remotename)%00%(upstream:remoteref) refs/heads/master refs/remotes/master [38ms]
2024-11-26 21:05:22.276 [info] > git status -z -uall [93ms]
2024-11-26 21:05:22.302 [info] > git for-each-ref --format=%(refname)%00%(upstream:short)%00%(objectname)%00%(upstream:track)%00%(upstream:remotename)%00%(upstream:remoteref) refs/heads/master refs/remotes/master [23ms]
2024-11-26 21:05:22.314 [info] > git config --local branch.master.vscode-merge-base [7ms]
2024-11-26 21:05:22.314 [warning] [Git][config] git config failed: Failed to execute git
2024-11-26 21:05:22.336 [info] > git reflog master --grep-reflog=branch: Created from *. [16ms]
2024-11-26 21:05:22.349 [info] > git symbolic-ref --short refs/remotes/origin/HEAD [10ms]
2024-11-26 21:05:22.350 [info] fatal: ref refs/remotes/origin/HEAD is not a symbolic ref
